TN:
SF:packages/common/src/lib/random-between.function.ts
FN:27,randomBetween
FNF:1
FNH:1
FNDA:11,randomBetween
DA:27,1
DA:28,11
DA:29,2
DA:32,9
DA:33,9
DA:35,9
DA:36,1
DA:39,9
DA:40,1
DA:43,9
LF:10
LH:10
BRDA:28,0,0,2
BRDA:28,1,0,11
BRDA:28,1,1,10
BRDA:32,2,0,1
BRDA:32,2,1,8
BRDA:33,3,0,1
BRDA:33,3,1,8
BRDA:35,4,0,1
BRDA:39,5,0,1
BRF:9
BRH:9
end_of_record
TN:
SF:packages/common/src/lib/string-to-object.function.ts
FN:41,stringToObject
FN:47,(anonymous_1)
FN:48,(anonymous_2)
FN:50,(anonymous_3)
FNF:4
FNH:4
FNDA:9,stringToObject
FNDA:17,(anonymous_1)
FNDA:17,(anonymous_2)
FNDA:13,(anonymous_3)
DA:41,1
DA:45,9
DA:47,17
DA:48,17
DA:50,9
DA:51,13
DA:52,13
DA:54,13
DA:55,11
DA:58,13
LF:10
LH:10
BRDA:43,0,0,8
BRDA:54,1,0,11
BRF:2
BRH:2
end_of_record
TN:
SF:packages/common/src/lib/value-or-fn.function.ts
FN:21,valueOrFn
FNF:1
FNH:1
FNDA:6,valueOrFn
DA:21,1
DA:22,6
LF:2
LH:2
BRDA:22,0,0,3
BRDA:22,0,1,3
BRF:2
BRH:2
end_of_record
